2023-10-14 01:11:30,821 [ERROR] LogOutputStream:75 - [STDERR_REDIRECT] 
2023-10-14 21:26:51,632 [INFO] Activator:176 - 


2023-10-14 21:26:51,636 [INFO] Activator:177 - !SESSION log4j initialized
2023-10-14 21:26:57,045 [INFO] LogOutputStream:77 - [STDOUT_REDIRECT] 
2023-10-14 21:26:57,764 [INFO] ApplicationProperties:184 - Using Application install path: /opt/st/stm32cubeide_1.13.2/plugins/com.st.stm32cube.common.mx_6.9.2.202309101412
2023-10-14 21:26:57,782 [INFO] DbMcusXml:78 - Set database path to: /opt/st/stm32cubeide_1.13.2/plugins/com.st.stm32cube.common.mx_6.9.2.202309101412//db//mcu/
2023-10-14 21:26:57,783 [INFO] ApiDb:274 - Set plugin database path to: /opt/st/stm32cubeide_1.13.2/plugins/com.st.stm32cube.common.mx_6.9.2.202309101412//db//plugins/boardmanager/
2023-10-14 21:26:57,783 [WARN] ApiDb:259 - Overriding images path with different value:  => /opt/st/stm32cubeide_1.13.2/plugins/com.st.stm32cube.common.mx_6.9.2.202309101412//db//plugins/mcufinder/images/
2023-10-14 21:26:57,797 [INFO] ApiDb:250 - Set database path to: /home/hoang/.stmcufinder/plugins/mcufinder//mcu/
2023-10-14 21:26:57,799 [INFO] DbMcusAds:125 - Set database path to: /home/hoang/.stmcufinder/plugins/mcufinder//mcu/
2023-10-14 21:26:57,802 [INFO] CrossReferenceDbSqlite:203 - Set database path to: /home/hoang/.stmcufinder/plugins/mcufinder//mcu/cs/
2023-10-14 21:26:57,951 [INFO] RulesReader:64 - Compatibility file has been processed (293 Rules)
2023-10-14 21:26:58,023 [INFO] DbMcusXml:78 - Set database path to: /opt/st/stm32cubeide_1.13.2/plugins/com.st.stm32cube.common.mx_6.9.2.202309101412//db//mcu/
2023-10-14 21:26:58,023 [INFO] ApiDb:274 - Set plugin database path to: /opt/st/stm32cubeide_1.13.2/plugins/com.st.stm32cube.common.mx_6.9.2.202309101412//db//plugins/boardmanager/
2023-10-14 21:26:58,023 [INFO] ApiDb:261 - Set plugin images path to: /opt/st/stm32cubeide_1.13.2/plugins/com.st.stm32cube.common.mx_6.9.2.202309101412//db//plugins/mcufinder/images/
2023-10-14 21:26:58,023 [WARN] DbFile:41 - Overriding database path with different value: /home/hoang/.stmcufinder/plugins/mcufinder/ => /home/hoang/.stmcufinder/plugins/mcufinder
2023-10-14 21:26:58,023 [INFO] ApiDb:250 - Set database path to: /home/hoang/.stmcufinder/plugins/mcufinder//mcu/
2023-10-14 21:26:58,023 [WARN] DbFile:41 - Overriding database path with different value: /home/hoang/.stmcufinder/plugins/mcufinder/ => /home/hoang/.stmcufinder/plugins/mcufinder
2023-10-14 21:26:58,023 [INFO] DbMcusAds:125 - Set database path to: /home/hoang/.stmcufinder/plugins/mcufinder//mcu/
2023-10-14 21:26:58,023 [WARN] DbFile:41 - Overriding database path with different value: /home/hoang/.stmcufinder/plugins/mcufinder/ => /home/hoang/.stmcufinder/plugins/mcufinder
2023-10-14 21:26:58,024 [WARN] DbFile:41 - Overriding database path with different value: /home/hoang/.stmcufinder/plugins/mcufinder/ => /home/hoang/.stmcufinder/plugins/mcufinder
2023-10-14 21:26:58,024 [INFO] CrossReferenceDbSqlite:203 - Set database path to: /home/hoang/.stmcufinder/plugins/mcufinder//mcu/cs/
2023-10-14 21:26:58,097 [INFO] MainPanel:262 - HeapMemory: 268435456
2023-10-14 21:26:58,188 [INFO] DbMcusXml:78 - Set database path to: /opt/st/stm32cubeide_1.13.2/plugins/com.st.stm32cube.common.mx_6.9.2.202309101412//db//mcu/
2023-10-14 21:26:58,188 [INFO] ApiDb:274 - Set plugin database path to: /opt/st/stm32cubeide_1.13.2/plugins/com.st.stm32cube.common.mx_6.9.2.202309101412//db//plugins/boardmanager/
2023-10-14 21:26:58,188 [INFO] ApiDb:261 - Set plugin images path to: /opt/st/stm32cubeide_1.13.2/plugins/com.st.stm32cube.common.mx_6.9.2.202309101412//db//plugins/mcufinder/images/
2023-10-14 21:26:58,189 [WARN] DbFile:41 - Overriding database path with different value: /home/hoang/.stmcufinder/plugins/mcufinder/ => /home/hoang/.stmcufinder/plugins/mcufinder
2023-10-14 21:26:58,190 [INFO] ApiDb:250 - Set database path to: /home/hoang/.stmcufinder/plugins/mcufinder//mcu/
2023-10-14 21:26:58,190 [WARN] DbFile:41 - Overriding database path with different value: /home/hoang/.stmcufinder/plugins/mcufinder/ => /home/hoang/.stmcufinder/plugins/mcufinder
2023-10-14 21:26:58,190 [INFO] DbMcusAds:125 - Set database path to: /home/hoang/.stmcufinder/plugins/mcufinder//mcu/
2023-10-14 21:26:58,190 [WARN] DbFile:41 - Overriding database path with different value: /home/hoang/.stmcufinder/plugins/mcufinder/ => /home/hoang/.stmcufinder/plugins/mcufinder
2023-10-14 21:26:58,190 [WARN] DbFile:41 - Overriding database path with different value: /home/hoang/.stmcufinder/plugins/mcufinder/ => /home/hoang/.stmcufinder/plugins/mcufinder
2023-10-14 21:26:58,191 [INFO] CrossReferenceDbSqlite:203 - Set database path to: /home/hoang/.stmcufinder/plugins/mcufinder//mcu/cs/
2023-10-14 21:26:58,204 [INFO] ApplicationProperties:184 - Using Application install path: /opt/st/stm32cubeide_1.13.2/plugins/com.st.stm32cube.common.mx_6.9.2.202309101412
2023-10-14 21:26:58,207 [INFO] PluginManage:196 - Search for loadable plugins [exclusion list=, ]
2023-10-14 21:26:58,209 [INFO] PluginManage:310 - Check plugin analytics
2023-10-14 21:26:58,372 [INFO] AnalyticsPlugin:253 - Accepted Software Licenses: 
2023-10-14 21:26:58,372 [INFO] AnalyticsPlugin:255 - Accepted CMSIS Pack Licenses: 
2023-10-14 21:26:58,372 [INFO] AnalyticsPlugin:257 - Accepted Firmware Licenses: FW.F4.1.27.0
2023-10-14 21:26:58,375 [INFO] PluginManage:359 - Loaded plugin analytics (category:tool,tabindex:-1)
2023-10-14 21:26:58,375 [INFO] PluginManage:310 - Check plugin cadmodel
2023-10-14 21:26:58,440 [INFO] CADModel:105 - Init CAD model plugin
2023-10-14 21:26:58,440 [INFO] PluginManage:359 - Loaded plugin cadmodel (category:power,tabindex:5)
2023-10-14 21:26:58,441 [INFO] PluginManage:310 - Check plugin clock
2023-10-14 21:26:58,452 [INFO] PluginManage:359 - Loaded plugin clock (category:base,tabindex:2)
2023-10-14 21:26:58,452 [INFO] PluginManage:310 - Check plugin ddr
2023-10-14 21:26:58,454 [INFO] PluginManage:359 - Loaded plugin ddr (category:tool,tabindex:6)
2023-10-14 21:26:58,454 [INFO] PluginManage:310 - Check plugin filemanager
2023-10-14 21:26:58,614 [INFO] PluginManage:359 - Loaded plugin filemanager (category:base,tabindex:10)
2023-10-14 21:26:58,615 [INFO] PluginManage:310 - Check plugin ipmanager
2023-10-14 21:26:58,625 [INFO] PluginManage:359 - Loaded plugin ipmanager (category:base,tabindex:5)
2023-10-14 21:26:58,625 [INFO] PluginManage:310 - Check plugin lpbam
2023-10-14 21:26:58,640 [INFO] PluginManage:359 - Loaded plugin lpbam (category:base,tabindex:0)
2023-10-14 21:26:58,641 [INFO] PluginManage:310 - Check plugin memorymap
2023-10-14 21:26:58,656 [INFO] PluginManage:359 - Loaded plugin memorymap (category:base,tabindex:4)
2023-10-14 21:26:58,657 [INFO] PluginManage:310 - Check plugin pinoutandconfiguration
2023-10-14 21:26:58,666 [INFO] PluginManage:359 - Loaded plugin pinoutandconfiguration (category:base,tabindex:1)
2023-10-14 21:26:58,666 [INFO] PluginManage:310 - Check plugin pinoutconfig
2023-10-14 21:26:58,778 [WARN] SupportedApi:132 - Cannot load RTOS API schema: s4s-elt-must-match.1: The content of 'definitions' must match (annotation?, (simpleType | complexType)?, (unique | key | keyref)*)). A problem was found starting at: attribute.
2023-10-14 21:26:58,959 [INFO] PluginManage:359 - Loaded plugin pinoutconfig (category:base,tabindex:0)
2023-10-14 21:26:58,959 [INFO] PluginManage:310 - Check plugin power
2023-10-14 21:26:58,970 [INFO] PluginManage:359 - Loaded plugin power (category:power,tabindex:4)
2023-10-14 21:26:58,971 [INFO] PluginManage:310 - Check plugin projectmanager
2023-10-14 21:26:58,989 [INFO] PluginManage:359 - Loaded plugin projectmanager (category:projectmanager,tabindex:3)
2023-10-14 21:26:58,990 [INFO] PluginManage:310 - Check plugin thirdparty
2023-10-14 21:26:59,130 [WARN] IntegrityCheckThread:84 - waiting for thirdparty lock release [integrity check]
2023-10-14 21:26:59,130 [INFO] PluginManage:359 - Loaded plugin thirdparty (category:base,tabindex:-1)
2023-10-14 21:26:59,130 [INFO] IntegrityCheckThread:86 - entering critical section [integrity check]
2023-10-14 21:26:59,130 [INFO] PluginManage:310 - Check plugin tools
2023-10-14 21:26:59,131 [INFO] ThirdPartyUpdaterWithRetryManager:70 - Updater plugin not ready yet. [1/15]
2023-10-14 21:26:59,133 [INFO] PluginManage:359 - Loaded plugin tools (category:base,tabindex:7)
2023-10-14 21:26:59,134 [INFO] PluginManage:310 - Check plugin tutovideos
2023-10-14 21:26:59,400 [INFO] PluginManage:359 - Loaded plugin tutovideos (category:base,tabindex:-1)
2023-10-14 21:26:59,400 [INFO] PluginManage:310 - Check plugin updater
2023-10-14 21:26:59,412 [INFO] PluginManage:359 - Loaded plugin updater (category:base,tabindex:12)
2023-10-14 21:26:59,413 [INFO] PluginManage:310 - Check plugin userauth
2023-10-14 21:26:59,418 [INFO] UserAuth:113 - Init User Auth plugin
2023-10-14 21:26:59,419 [INFO] PluginManage:359 - Loaded plugin userauth (category:base,tabindex:14)
2023-10-14 21:26:59,419 [INFO] PluginManage:283 - PluginManage : Loaded plugins [17]
2023-10-14 21:26:59,665 [INFO] PinOutPanel:1499 - setPackage(No Configuration,No Configuration)
2023-10-14 21:26:59,755 [INFO] CADModel:165 - CPN selected for project level
2023-10-14 21:26:59,755 [INFO] CADModel:114 - Register for checkConnection events
2023-10-14 21:26:59,768 [INFO] IPUIPlugin:80 - create IPUIPlugin
2023-10-14 21:26:59,768 [INFO] PluginManager:220 - loadIPPluginJar : add i3c
2023-10-14 21:26:59,772 [INFO] IPUIPlugin:80 - create IPUIPlugin
2023-10-14 21:26:59,772 [INFO] PluginManager:220 - loadIPPluginJar : add resmgrutility
2023-10-14 21:26:59,777 [INFO] IPUIPlugin:80 - create IPUIPlugin
2023-10-14 21:26:59,778 [INFO] PluginManager:220 - loadIPPluginJar : add gic
2023-10-14 21:26:59,782 [INFO] IPUIPlugin:80 - create IPUIPlugin
2023-10-14 21:26:59,782 [INFO] PluginManager:220 - loadIPPluginJar : add gpio
2023-10-14 21:26:59,784 [INFO] IPUIPlugin:80 - create IPUIPlugin
2023-10-14 21:26:59,784 [INFO] PluginManager:220 - loadIPPluginJar : add opamp
2023-10-14 21:26:59,787 [INFO] IPUIPlugin:80 - create IPUIPlugin
2023-10-14 21:26:59,787 [INFO] PluginManager:220 - loadIPPluginJar : add sai
2023-10-14 21:26:59,788 [INFO] IPUIPlugin:80 - create IPUIPlugin
2023-10-14 21:26:59,788 [INFO] PluginManager:220 - loadIPPluginJar : add ltdc
2023-10-14 21:26:59,793 [INFO] IPUIPlugin:80 - create IPUIPlugin
2023-10-14 21:26:59,793 [INFO] PluginManager:220 - loadIPPluginJar : add freertos
2023-10-14 21:26:59,795 [INFO] IPUIPlugin:80 - create IPUIPlugin
2023-10-14 21:26:59,795 [INFO] PluginManager:220 - loadIPPluginJar : add hash
2023-10-14 21:26:59,797 [INFO] IPUIPlugin:80 - create IPUIPlugin
2023-10-14 21:26:59,797 [INFO] PluginManager:220 - loadIPPluginJar : add aes
2023-10-14 21:26:59,799 [INFO] IPUIPlugin:80 - create IPUIPlugin
2023-10-14 21:26:59,800 [INFO] PluginManager:220 - loadIPPluginJar : add openamp
2023-10-14 21:26:59,801 [INFO] IPUIPlugin:80 - create IPUIPlugin
2023-10-14 21:26:59,802 [INFO] PluginManager:220 - loadIPPluginJar : add spi
2023-10-14 21:26:59,807 [INFO] IPUIPlugin:80 - create IPUIPlugin
2023-10-14 21:26:59,807 [INFO] PluginManager:220 - loadIPPluginJar : add mdma
2023-10-14 21:26:59,811 [INFO] IPUIPlugin:80 - create IPUIPlugin
2023-10-14 21:26:59,811 [INFO] PluginManager:220 - loadIPPluginJar : add stm32_wpan
2023-10-14 21:26:59,813 [INFO] IPUIPlugin:80 - create IPUIPlugin
2023-10-14 21:26:59,813 [INFO] PluginManager:220 - loadIPPluginJar : add tracer_emb
2023-10-14 21:26:59,814 [INFO] IPUIPlugin:80 - create IPUIPlugin
2023-10-14 21:26:59,814 [INFO] PluginManager:220 - loadIPPluginJar : add fatfs
2023-10-14 21:26:59,816 [INFO] IPUIPlugin:80 - create IPUIPlugin
2023-10-14 21:26:59,816 [INFO] PluginManager:220 - loadIPPluginJar : add gtzc
2023-10-14 21:26:59,818 [INFO] IPUIPlugin:80 - create IPUIPlugin
2023-10-14 21:26:59,818 [INFO] PluginManager:220 - loadIPPluginJar : add i2s
2023-10-14 21:26:59,819 [INFO] IPUIPlugin:80 - create IPUIPlugin
2023-10-14 21:26:59,819 [INFO] PluginManager:220 - loadIPPluginJar : add genericplugin
2023-10-14 21:26:59,822 [INFO] IPUIPlugin:80 - create IPUIPlugin
2023-10-14 21:26:59,822 [INFO] PluginManager:220 - loadIPPluginJar : add fmc
2023-10-14 21:26:59,826 [INFO] IPUIPlugin:80 - create IPUIPlugin
2023-10-14 21:26:59,826 [INFO] PluginManager:220 - loadIPPluginJar : add adc
2023-10-14 21:26:59,827 [INFO] IPUIPlugin:80 - create IPUIPlugin
2023-10-14 21:26:59,827 [INFO] PluginManager:220 - loadIPPluginJar : add quadspi
2023-10-14 21:26:59,833 [INFO] IPUIPlugin:80 - create IPUIPlugin
2023-10-14 21:26:59,833 [INFO] PluginManager:220 - loadIPPluginJar : add linkedlist
2023-10-14 21:26:59,835 [INFO] IPUIPlugin:80 - create IPUIPlugin
2023-10-14 21:26:59,836 [INFO] PluginManager:220 - loadIPPluginJar : add can
2023-10-14 21:26:59,837 [INFO] IPUIPlugin:80 - create IPUIPlugin
2023-10-14 21:26:59,838 [INFO] PluginManager:220 - loadIPPluginJar : add dma3
2023-10-14 21:26:59,840 [INFO] IPUIPlugin:80 - create IPUIPlugin
2023-10-14 21:26:59,840 [INFO] PluginManager:220 - loadIPPluginJar : add usart
2023-10-14 21:26:59,841 [INFO] IPUIPlugin:80 - create IPUIPlugin
2023-10-14 21:26:59,841 [INFO] PluginManager:220 - loadIPPluginJar : add comp
2023-10-14 21:26:59,846 [INFO] IPUIPlugin:80 - create IPUIPlugin
2023-10-14 21:26:59,846 [INFO] PluginManager:220 - loadIPPluginJar : add dma
2023-10-14 21:26:59,849 [INFO] IPUIPlugin:80 - create IPUIPlugin
2023-10-14 21:26:59,849 [INFO] PluginManager:220 - loadIPPluginJar : add i2c
2023-10-14 21:26:59,850 [INFO] IPUIPlugin:80 - create IPUIPlugin
2023-10-14 21:26:59,850 [INFO] PluginManager:220 - loadIPPluginJar : add tim
2023-10-14 21:26:59,852 [INFO] IPUIPlugin:80 - create IPUIPlugin
2023-10-14 21:26:59,852 [INFO] PluginManager:220 - loadIPPluginJar : add ucpd
2023-10-14 21:26:59,853 [INFO] IPUIPlugin:80 - create IPUIPlugin
2023-10-14 21:26:59,853 [INFO] PluginManager:220 - loadIPPluginJar : add gfxmmu
2023-10-14 21:26:59,856 [INFO] IPUIPlugin:80 - create IPUIPlugin
2023-10-14 21:26:59,856 [INFO] PluginManager:220 - loadIPPluginJar : add nvic
2023-10-14 21:26:59,858 [INFO] IPUIPlugin:80 - create IPUIPlugin
2023-10-14 21:26:59,858 [INFO] PluginManager:220 - loadIPPluginJar : add ts
2023-10-14 21:26:59,860 [INFO] IPUIPlugin:80 - create IPUIPlugin
2023-10-14 21:26:59,860 [INFO] PluginManager:220 - loadIPPluginJar : add pdm2pcm
2023-10-14 21:26:59,863 [INFO] IPUIPlugin:80 - create IPUIPlugin
2023-10-14 21:26:59,864 [INFO] PluginManager:220 - loadIPPluginJar : add usbx
2023-10-14 21:26:59,868 [INFO] IPUIPlugin:80 - create IPUIPlugin
2023-10-14 21:26:59,868 [INFO] PluginManager:220 - loadIPPluginJar : add ipddr
2023-10-14 21:26:59,870 [INFO] IPUIPlugin:80 - create IPUIPlugin
2023-10-14 21:26:59,870 [INFO] PluginManager:220 - loadIPPluginJar : add lorawan
2023-10-14 21:26:59,872 [INFO] IPUIPlugin:80 - create IPUIPlugin
2023-10-14 21:26:59,872 [INFO] PluginManager:220 - loadIPPluginJar : add cryp
2023-10-14 21:26:59,873 [INFO] IPUIPlugin:80 - create IPUIPlugin
2023-10-14 21:26:59,873 [INFO] PluginManager:220 - loadIPPluginJar : add tsc
2023-10-14 21:26:59,879 [INFO] IPUIPlugin:80 - create IPUIPlugin
2023-10-14 21:26:59,881 [INFO] PluginManager:220 - loadIPPluginJar : add plateformsettings
2023-10-14 21:26:59,883 [INFO] IPUIPlugin:80 - create IPUIPlugin
2023-10-14 21:26:59,883 [INFO] PluginManager:220 - loadIPPluginJar : add dfsdm
2023-10-14 21:26:59,895 [INFO] IPUIPlugin:80 - create IPUIPlugin
2023-10-14 21:26:59,896 [INFO] PluginManager:220 - loadIPPluginJar : add touchsensing
2023-10-14 21:26:59,992 [INFO] CADModel:165 - CPN selected for project level
2023-10-14 21:26:59,992 [INFO] CADModel:114 - Register for checkConnection events
2023-10-14 21:26:59,992 [FATAL] Updater:308 - Updater called before beeing initialized
2023-10-14 21:26:59,992 [ERROR] CADModel:125 - Updater not yet initialized, retry later 
2023-10-14 21:27:00,099 [INFO] CADModel:165 - CPN selected for project level
2023-10-14 21:27:00,099 [INFO] CADModel:114 - Register for checkConnection events
2023-10-14 21:27:00,099 [FATAL] Updater:308 - Updater called before beeing initialized
2023-10-14 21:27:00,099 [ERROR] CADModel:125 - Updater not yet initialized, retry later 
2023-10-14 21:27:00,102 [FATAL] Updater:308 - Updater called before beeing initialized
2023-10-14 21:27:00,162 [FATAL] Updater:308 - Updater called before beeing initialized
2023-10-14 21:27:00,167 [INFO] DbMcusAds:53 - JSON generation date=Thu Sep 30 13:55:09 ICT 2021 (1632984909247)
2023-10-14 21:27:00,167 [FATAL] Updater:308 - Updater called before beeing initialized
2023-10-14 21:27:00,197 [WARN] DetailPanel:346 - Failed to get advertising image, set to default
2023-10-14 21:27:00,281 [FATAL] Updater:308 - Updater called before beeing initialized
2023-10-14 21:27:00,284 [FATAL] Updater:308 - Updater called before beeing initialized
2023-10-14 21:27:00,285 [FATAL] Updater:308 - Updater called before beeing initialized
2023-10-14 21:27:00,285 [WARN] DetailPanel:346 - Failed to get advertising image, set to default
2023-10-14 21:27:00,286 [FATAL] Updater:308 - Updater called before beeing initialized
2023-10-14 21:27:00,321 [ERROR] Updater:1120 - MainUpdater not yet initialized. External WinMGr cannot be set.
2023-10-14 21:27:00,323 [INFO] Updater:1056 - Updater Version found : 6.9.2
2023-10-14 21:27:00,345 [INFO] ApplicationProperties:184 - Using Application install path: /opt/st/stm32cubeide_1.13.2/plugins/com.st.stm32cube.common.mx_6.9.2.202309101412
2023-10-14 21:27:00,489 [INFO] MainUpdater:2868 - connection check result : 10
2023-10-14 21:27:00,490 [INFO] MainUpdater:285 - Updater Check For Update Now.
2023-10-14 21:27:00,490 [INFO] MicroXplorer:498 - Change Database Version : DB.6.0.92
2023-10-14 21:27:00,494 [INFO] McuFinderGlobals:63 - Set McuFinder mode to 2 (CubeIDE integrated)
2023-10-14 21:27:00,648 [INFO] CheckServerUpdateThread:120 - End of CheckServer Thread
2023-10-14 21:27:02,210 [WARN] PackLoader:240 - Cannot read IP mode file for STMicroelectronics.X-CUBE-SMBUS.2.1.0
2023-10-14 21:27:02,248 [WARN] PackLoader:240 - Cannot read IP mode file for STMicroelectronics.X-CUBE-AZRTOS-F7.1.1.0
2023-10-14 21:27:02,262 [WARN] PackLoader:240 - Cannot read IP mode file for STMicroelectronics.FP-SNS-MOTENV1.4.3.2
2023-10-14 21:27:02,271 [WARN] PackLoader:240 - Cannot read IP mode file for STMicroelectronics.FP-SNS-FLIGHT1.5.0.2
2023-10-14 21:27:02,279 [WARN] PackLoader:240 - Cannot read IP mode file for STMicroelectronics.X-CUBE-DISPLAY.3.0.0
2023-10-14 21:27:02,294 [WARN] PackLoader:240 - Cannot read IP mode file for STMicroelectronics.X-CUBE-BLE1.7.0.0
2023-10-14 21:27:02,300 [WARN] PackLoader:240 - Cannot read IP mode file for emotas.I-CUBE-CANOPEN.1.3.0
2023-10-14 21:27:02,311 [WARN] PackLoader:240 - Cannot read IP mode file for STMicroelectronics.X-CUBE-TOUCHGFX.4.22.1
2023-10-14 21:27:02,316 [WARN] PackLoader:240 - Cannot read IP mode file for STMicroelectronics.FP-SNS-SMARTAG2.1.2.0
2023-10-14 21:27:02,331 [INFO] LogOutputStream:77 - [STDOUT_REDIRECT] 1 : Invalid condition id : UX_CORESTACK_Condition cause : null
2023-10-14 21:27:02,332 [INFO] LogOutputStream:77 - [STDOUT_REDIRECT] 1 : Invalid condition id : UX_CORESTACK_Condition cause : null
2023-10-14 21:27:02,333 [INFO] LogOutputStream:77 - [STDOUT_REDIRECT] 1 : Invalid condition id : UX_CORESTACK_Condition cause : null
2023-10-14 21:27:02,333 [INFO] LogOutputStream:77 - [STDOUT_REDIRECT] 1 : Invalid condition id : UX_CORESTACK_Condition cause : null
2023-10-14 21:27:02,333 [INFO] LogOutputStream:77 - [STDOUT_REDIRECT] 1 : Invalid condition id : UX_CORESTACK_Condition cause : null
2023-10-14 21:27:02,341 [WARN] PackLoader:240 - Cannot read IP mode file for STMicroelectronics.X-CUBE-AZRTOS-WL.2.0.0
2023-10-14 21:27:02,350 [WARN] PackLoader:240 - Cannot read IP mode file for WES.I-CUBE-Cesium.1.3.0
2023-10-14 21:27:02,360 [WARN] PackLoader:240 - Cannot read IP mode file for STMicroelectronics.X-CUBE-BLE2.3.3.0
2023-10-14 21:27:02,367 [WARN] PackLoader:240 - Cannot read IP mode file for STMicroelectronics.X-CUBE-ALGOBUILD.1.3.0
2023-10-14 21:27:02,395 [WARN] PackLoader:240 - Cannot read IP mode file for STMicroelectronics.X-CUBE-AZRTOS-G0.1.1.0
2023-10-14 21:27:02,405 [WARN] PackLoader:240 - Cannot read IP mode file for STMicroelectronics.X-CUBE-NFC4.3.0.0
2023-10-14 21:27:02,410 [WARN] PackLoader:240 - Cannot read IP mode file for STMicroelectronics.FP-ATR-SIGFOX1.3.2.0
2023-10-14 21:27:02,459 [WARN] PackLoader:240 - Cannot read IP mode file for SEGGER.I-CUBE-embOS.1.3.1
2023-10-14 21:27:02,499 [WARN] PackLoader:240 - Cannot read IP mode file for STMicroelectronics.X-CUBE-GNSS1.6.0.0
2023-10-14 21:27:02,519 [WARN] PackLoader:240 - Cannot read IP mode file for STMicroelectronics.X-CUBE-AZRTOS-F4.1.1.0
2023-10-14 21:27:02,525 [WARN] PackLoader:240 - Cannot read IP mode file for wolfSSL.I-CUBE-wolfSSL.5.6.3
2023-10-14 21:27:02,544 [WARN] PackLoader:240 - Cannot read IP mode file for STMicroelectronics.X-CUBE-AZRTOS-L5.2.0.0
2023-10-14 21:27:02,624 [WARN] PackLoader:240 - Cannot read IP mode file for STMicroelectronics.X-CUBE-MEMS1.9.6.0
2023-10-14 21:27:02,807 [WARN] PackLoader:240 - Cannot read IP mode file for ITTIA_DB.I-CUBE-ITTIADB.8.8.0
2023-10-14 21:27:02,817 [WARN] PackLoader:240 - Cannot read IP mode file for STMicroelectronics.X-CUBE-BLEMGR.2.0.0
2023-10-14 21:27:02,845 [WARN] ConditionMgr:438 - getConditionDescription Invalid condition id : UX DEVICE CLASS RTOS Condition cause : null
2023-10-14 21:27:02,845 [WARN] ConditionMgr:438 - getConditionDescription Invalid condition id : UX DEVICE CLASS RTOS Condition cause : null
2023-10-14 21:27:02,851 [WARN] PackLoader:240 - Cannot read IP mode file for STMicroelectronics.X-CUBE-AZRTOS-H7.3.1.0
2023-10-14 21:27:02,853 [WARN] ConditionMgr:1039 - genDependencies : Invalid condition id : UX DEVICE CLASS RTOS Condition cause : null
2023-10-14 21:27:02,853 [WARN] ConditionMgr:1039 - genDependencies : Invalid condition id : UX DEVICE CLASS RTOS Condition cause : null
2023-10-14 21:27:02,854 [WARN] ConditionMgr:1039 - genDependencies : Invalid condition id : UX DEVICE CLASS RTOS Condition cause : null
2023-10-14 21:27:02,855 [WARN] ConditionMgr:1039 - genDependencies : Invalid condition id : UX DEVICE CLASS RTOS Condition cause : null
2023-10-14 21:27:02,855 [WARN] ConditionMgr:1039 - genDependencies : Invalid condition id : UX DEVICE CLASS RTOS Condition cause : null
2023-10-14 21:27:02,861 [WARN] PackLoader:240 - Cannot read IP mode file for STMicroelectronics.X-CUBE-NFC7.1.0.1
2023-10-14 21:27:02,869 [WARN] PackLoader:240 - Cannot read IP mode file for STMicroelectronics.X-CUBE-NFC6.3.0.0
2023-10-14 21:27:02,875 [WARN] PackLoader:240 - Cannot read IP mode file for STMicroelectronics.X-CUBE-EEPRMA1.4.1.0
2023-10-14 21:27:02,879 [WARN] PackLoader:240 - Cannot read IP mode file for STMicroelectronics.X-CUBE-AI.8.1.0
2023-10-14 21:27:02,896 [WARN] ConditionMgr:438 - getConditionDescription Invalid condition id : LAN8742 Phy interface Condition cause : null
2023-10-14 21:27:02,897 [WARN] PackLoader:240 - Cannot read IP mode file for STMicroelectronics.X-CUBE-AZRTOS-L4.2.0.0
2023-10-14 21:27:02,898 [WARN] ConditionMgr:1039 - genDependencies : Invalid condition id : LAN8742 Phy interface Condition cause : null
2023-10-14 21:27:02,898 [WARN] ConditionMgr:1039 - genDependencies : Invalid condition id : LAN8742 Phy interface Condition cause : null
2023-10-14 21:27:02,899 [WARN] ConditionMgr:1039 - genDependencies : Invalid condition id : LAN8742 Phy interface Condition cause : null
2023-10-14 21:27:02,905 [WARN] PackLoader:240 - Cannot read IP mode file for STMicroelectronics.X-CUBE-SFXS2LP1.4.0.0
2023-10-14 21:27:02,908 [WARN] PackLoader:240 - Cannot read IP mode file for STMicroelectronics.X-CUBE-ISPU.1.1.0
2023-10-14 21:27:02,934 [WARN] ConditionMgr:438 - getConditionDescription Invalid condition id : UX DEVICE CLASS RTOS Condition cause : null
2023-10-14 21:27:02,934 [WARN] ConditionMgr:438 - getConditionDescription Invalid condition id : UX DEVICE CLASS RTOS Condition cause : null
2023-10-14 21:27:02,941 [WARN] PackLoader:240 - Cannot read IP mode file for STMicroelectronics.X-CUBE-AZRTOS-WB.2.0.0
2023-10-14 21:27:02,943 [WARN] ConditionMgr:1039 - genDependencies : Invalid condition id : UX DEVICE CLASS RTOS Condition cause : null
2023-10-14 21:27:02,943 [WARN] ConditionMgr:1039 - genDependencies : Invalid condition id : UX DEVICE CLASS RTOS Condition cause : null
2023-10-14 21:27:02,943 [WARN] ConditionMgr:1039 - genDependencies : Invalid condition id : UX DEVICE CLASS RTOS Condition cause : null
2023-10-14 21:27:02,944 [WARN] ConditionMgr:1039 - genDependencies : Invalid condition id : UX DEVICE CLASS RTOS Condition cause : null
2023-10-14 21:27:02,944 [WARN] ConditionMgr:1039 - genDependencies : Invalid condition id : UX DEVICE CLASS RTOS Condition cause : null
2023-10-14 21:27:02,958 [WARN] PackLoader:240 - Cannot read IP mode file for STMicroelectronics.X-CUBE-SUBG2.5.0.0
2023-10-14 21:27:02,980 [WARN] PackLoader:240 - Cannot read IP mode file for STMicroelectronics.X-CUBE-TOF1.3.3.1
2023-10-14 21:27:03,033 [WARN] PackLoader:240 - Cannot read IP mode file for STMicroelectronics.X-CUBE-AZRTOS-G4.2.0.0
2023-10-14 21:27:03,060 [WARN] PackLoader:240 - Cannot read IP mode file for Infineon.AIROC-Wi-Fi-Bluetooth-STM32.1.5.1
2023-10-14 21:27:03,088 [WARN] PackLoader:240 - Cannot read IP mode file for STMicroelectronics.X-CUBE-FREERTOS.1.1.0
2023-10-14 21:27:03,095 [WARN] PackLoader:240 - Cannot read IP mode file for portGmbH.I-Cube-SoM-uGOAL.1.1.0
2023-10-14 21:27:03,099 [WARN] PackLoader:240 - Cannot read IP mode file for STMicroelectronics.X-CUBE-ALS.1.0.1
2023-10-14 21:27:03,106 [WARN] PackLoader:240 - Cannot read IP mode file for STMicroelectronics.FP-ATR-ASTRA1.2.0.0
2023-10-14 21:27:03,107 [INFO] ThirdParty:978 - Integrity check success = true
2023-10-14 21:27:03,108 [INFO] IntegrityCheckThread:100 - exiting critical section [integrity check]
2023-10-14 21:27:03,108 [INFO] IntegrityCheckThread:103 - End integrity checks thread
2023-10-14 21:27:21,073 [ERROR] LogOutputStream:75 - [STDERR_REDIRECT] SLF4J: Failed to load class "org.slf4j.impl.StaticLoggerBinder".
2023-10-14 21:27:21,074 [ERROR] LogOutputStream:75 - [STDERR_REDIRECT] SLF4J: Defaulting to no-operation (NOP) logger implementation
2023-10-14 21:27:21,074 [ERROR] LogOutputStream:75 - [STDERR_REDIRECT] SLF4J: See http://www.slf4j.org/codes.html#StaticLoggerBinder for further details.
